<?xml version="1.0" encoding="UTF-8"?>
<testsuite xmlns:xsi="http://www.w3.org/2001/XMLSchema-instance" xsi:noNamespaceSchemaLocation="https://maven.apache.org/surefire/maven-surefire-plugin/xsd/surefire-test-report.xsd" name="TestSuite" time="0.393" tests="0" errors="0" skipped="0" failures="0">
  <properties>
    <property name="sun.desktop" value="windows"/>
    <property name="awt.toolkit" value="sun.awt.windows.WToolkit"/>
    <property name="java.specification.version" value="10"/>
    <property name="file.encoding.pkg" value="sun.io"/>
    <property name="sun.cpu.isalist" value="amd64"/>
    <property name="sun.jnu.encoding" value="Cp1251"/>
    <property name="java.class.path" value="E:\gru_java\dz\2\buyticket\target\test-classes;E:\gru_java\dz\2\buyticket\target\classes;C:\Users\Reader\.m2\repository\org\seleniumhq\selenium\selenium-java\3.11.0\selenium-java-3.11.0.jar;C:\Users\Reader\.m2\repository\org\seleniumhq\selenium\selenium-api\3.11.0\selenium-api-3.11.0.jar;C:\Users\Reader\.m2\repository\org\seleniumhq\selenium\selenium-chrome-driver\3.11.0\selenium-chrome-driver-3.11.0.jar;C:\Users\Reader\.m2\repository\org\seleniumhq\selenium\selenium-edge-driver\3.11.0\selenium-edge-driver-3.11.0.jar;C:\Users\Reader\.m2\repository\org\seleniumhq\selenium\selenium-firefox-driver\3.11.0\selenium-firefox-driver-3.11.0.jar;C:\Users\Reader\.m2\repository\org\seleniumhq\selenium\selenium-ie-driver\3.11.0\selenium-ie-driver-3.11.0.jar;C:\Users\Reader\.m2\repository\org\seleniumhq\selenium\selenium-opera-driver\3.11.0\selenium-opera-driver-3.11.0.jar;C:\Users\Reader\.m2\repository\org\seleniumhq\selenium\selenium-remote-driver\3.11.0\selenium-remote-driver-3.11.0.jar;C:\Users\Reader\.m2\repository\org\seleniumhq\selenium\selenium-safari-driver\3.11.0\selenium-safari-driver-3.11.0.jar;C:\Users\Reader\.m2\repository\org\seleniumhq\selenium\selenium-support\3.11.0\selenium-support-3.11.0.jar;C:\Users\Reader\.m2\repository\net\bytebuddy\byte-buddy\1.7.9\byte-buddy-1.7.9.jar;C:\Users\Reader\.m2\repository\org\apache\commons\commons-exec\1.3\commons-exec-1.3.jar;C:\Users\Reader\.m2\repository\commons-codec\commons-codec\1.10\commons-codec-1.10.jar;C:\Users\Reader\.m2\repository\commons-logging\commons-logging\1.2\commons-logging-1.2.jar;C:\Users\Reader\.m2\repository\com\google\code\gson\gson\2.8.2\gson-2.8.2.jar;C:\Users\Reader\.m2\repository\com\google\guava\guava\23.6-jre\guava-23.6-jre.jar;C:\Users\Reader\.m2\repository\com\google\code\findbugs\jsr305\1.3.9\jsr305-1.3.9.jar;C:\Users\Reader\.m2\repository\org\checkerframework\checker-compat-qual\2.0.0\checker-compat-qual-2.0.0.jar;C:\Users\Reader\.m2\repository\com\google\errorprone\error_prone_annotations\2.1.3\error_prone_annotations-2.1.3.jar;C:\Users\Reader\.m2\repository\com\google\j2objc\j2objc-annotations\1.1\j2objc-annotations-1.1.jar;C:\Users\Reader\.m2\repository\org\codehaus\mojo\animal-sniffer-annotations\1.14\animal-sniffer-annotations-1.14.jar;C:\Users\Reader\.m2\repository\org\apache\httpcomponents\httpclient\4.5.3\httpclient-4.5.3.jar;C:\Users\Reader\.m2\repository\org\apache\httpcomponents\httpcore\4.4.6\httpcore-4.4.6.jar;C:\Users\Reader\.m2\repository\com\squareup\okhttp3\okhttp\3.9.1\okhttp-3.9.1.jar;C:\Users\Reader\.m2\repository\com\squareup\okio\okio\1.13.0\okio-1.13.0.jar;C:\Users\Reader\.m2\repository\junit\junit\4.12\junit-4.12.jar;C:\Users\Reader\.m2\repository\org\hamcrest\hamcrest-core\1.3\hamcrest-core-1.3.jar;C:\Users\Reader\.m2\repository\com\googlecode\json-simple\json-simple\1.1.1\json-simple-1.1.1.jar;C:\Users\Reader\.m2\repository\com\fasterxml\jackson\jaxrs\jackson-jaxrs-json-provider\2.3.0\jackson-jaxrs-json-provider-2.3.0.jar;C:\Users\Reader\.m2\repository\com\fasterxml\jackson\jaxrs\jackson-jaxrs-base\2.3.0\jackson-jaxrs-base-2.3.0.jar;C:\Users\Reader\.m2\repository\com\fasterxml\jackson\core\jackson-core\2.3.0\jackson-core-2.3.0.jar;C:\Users\Reader\.m2\repository\com\fasterxml\jackson\core\jackson-databind\2.3.0\jackson-databind-2.3.0.jar;C:\Users\Reader\.m2\repository\com\fasterxml\jackson\core\jackson-annotations\2.3.0\jackson-annotations-2.3.0.jar;C:\Users\Reader\.m2\repository\com\fasterxml\jackson\module\jackson-module-jaxb-annotations\2.3.0\jackson-module-jaxb-annotations-2.3.0.jar;C:\Users\Reader\.m2\repository\org\glassfish\jersey\ext\jersey-spring3\2.4.1\jersey-spring3-2.4.1.jar;C:\Users\Reader\.m2\repository\org\glassfish\jersey\core\jersey-server\2.4.1\jersey-server-2.4.1.jar;C:\Users\Reader\.m2\repository\org\glassfish\jersey\core\jersey-client\2.4.1\jersey-client-2.4.1.jar;C:\Users\Reader\.m2\repository\org\glassfish\hk2\hk2-api\2.2.0-b21\hk2-api-2.2.0-b21.jar;C:\Users\Reader\.m2\repository\org\glassfish\hk2\external\javax.inject\2.2.0-b21\javax.inject-2.2.0-b21.jar;C:\Users\Reader\.m2\repository\org\glassfish\hk2\hk2-locator\2.2.0-b21\hk2-locator-2.2.0-b21.jar;C:\Users\Reader\.m2\repository\org\glassfish\hk2\external\asm-all-repackaged\2.2.0-b21\asm-all-repackaged-2.2.0-b21.jar;C:\Users\Reader\.m2\repository\org\glassfish\hk2\external\cglib\2.2.0-b21\cglib-2.2.0-b21.jar;C:\Users\Reader\.m2\repository\javax\validation\validation-api\1.1.0.Final\validation-api-1.1.0.Final.jar;C:\Users\Reader\.m2\repository\org\glassfish\jersey\containers\jersey-container-servlet-core\2.4.1\jersey-container-servlet-core-2.4.1.jar;C:\Users\Reader\.m2\repository\org\glassfish\hk2\hk2\2.2.0-b21\hk2-2.2.0-b21.jar;C:\Users\Reader\.m2\repository\org\glassfish\hk2\hk2-utils\2.2.0-b21\hk2-utils-2.2.0-b21.jar;C:\Users\Reader\.m2\repository\javax\inject\javax.inject\1\javax.inject-1.jar;C:\Users\Reader\.m2\repository\org\glassfish\hk2\config-types\2.2.0-b21\config-types-2.2.0-b21.jar;C:\Users\Reader\.m2\repository\org\glassfish\hk2\core\2.2.0-b21\core-2.2.0-b21.jar;C:\Users\Reader\.m2\repository\org\glassfish\hk2\hk2-config\2.2.0-b21\hk2-config-2.2.0-b21.jar;C:\Users\Reader\.m2\repository\org\jvnet\tiger-types\1.4\tiger-types-1.4.jar;C:\Users\Reader\.m2\repository\org\glassfish\hk2\external\bean-validator\2.2.0-b21\bean-validator-2.2.0-b21.jar;C:\Users\Reader\.m2\repository\org\glassfish\hk2\hk2-runlevel\2.2.0-b21\hk2-runlevel-2.2.0-b21.jar;C:\Users\Reader\.m2\repository\org\glassfish\hk2\class-model\2.2.0-b21\class-model-2.2.0-b21.jar;C:\Users\Reader\.m2\repository\org\glassfish\hk2\spring-bridge\2.2.0-b21\spring-bridge-2.2.0-b21.jar;C:\Users\Reader\.m2\repository\org\springframework\spring-context\3.2.3.RELEASE\spring-context-3.2.3.RELEASE.jar;C:\Users\Reader\.m2\repository\org\springframework\spring-expression\3.2.3.RELEASE\spring-expression-3.2.3.RELEASE.jar;C:\Users\Reader\.m2\repository\org\springframework\spring-beans\3.2.3.RELEASE\spring-beans-3.2.3.RELEASE.jar;C:\Users\Reader\.m2\repository\org\springframework\spring-core\3.2.3.RELEASE\spring-core-3.2.3.RELEASE.jar;C:\Users\Reader\.m2\repository\org\springframework\spring-web\3.2.3.RELEASE\spring-web-3.2.3.RELEASE.jar;C:\Users\Reader\.m2\repository\aopalliance\aopalliance\1.0\aopalliance-1.0.jar;C:\Users\Reader\.m2\repository\org\springframework\spring-aop\3.2.3.RELEASE\spring-aop-3.2.3.RELEASE.jar;C:\Users\Reader\.m2\repository\javax\ws\rs\javax.ws.rs-api\2.0\javax.ws.rs-api-2.0.jar;C:\Users\Reader\.m2\repository\org\glassfish\jersey\media\jersey-media-json-jackson\2.4.1\jersey-media-json-jackson-2.4.1.jar;C:\Users\Reader\.m2\repository\org\glassfish\jersey\core\jersey-common\2.4.1\jersey-common-2.4.1.jar;C:\Users\Reader\.m2\repository\javax\annotation\javax.annotation-api\1.2\javax.annotation-api-1.2.jar;C:\Users\Reader\.m2\repository\org\glassfish\hk2\osgi-resource-locator\1.0.1\osgi-resource-locator-1.0.1.jar;C:\Users\Reader\.m2\repository\org\codehaus\jackson\jackson-mapper-asl\1.9.11\jackson-mapper-asl-1.9.11.jar;C:\Users\Reader\.m2\repository\org\codehaus\jackson\jackson-jaxrs\1.9.11\jackson-jaxrs-1.9.11.jar;C:\Users\Reader\.m2\repository\org\codehaus\jackson\jackson-xc\1.9.11\jackson-xc-1.9.11.jar;C:\Users\Reader\.m2\repository\org\codehaus\jackson\jackson-core-asl\1.9.13\jackson-core-asl-1.9.13.jar;C:\Users\Reader\.m2\repository\io\github\bonigarcia\webdrivermanager\2.2.1\webdrivermanager-2.2.1.jar;C:\Users\Reader\.m2\repository\org\slf4j\slf4j-api\1.7.24\slf4j-api-1.7.24.jar;C:\Users\Reader\.m2\repository\commons-io\commons-io\2.5\commons-io-2.5.jar;C:\Users\Reader\.m2\repository\org\apache\commons\commons-lang3\3.5\commons-lang3-3.5.jar;C:\Users\Reader\.m2\repository\org\rauschig\jarchivelib\0.7.1\jarchivelib-0.7.1.jar;C:\Users\Reader\.m2\repository\org\apache\commons\commons-compress\1.9\commons-compress-1.9.jar;C:\Users\Reader\.m2\repository\org\jsoup\jsoup\1.10.2\jsoup-1.10.2.jar;C:\Users\Reader\.m2\repository\ch\qos\logback\logback-classic\1.2.3\logback-classic-1.2.3.jar;C:\Users\Reader\.m2\repository\ch\qos\logback\logback-core\1.2.3\logback-core-1.2.3.jar;C:\Users\Reader\.m2\repository\org\testng\testng\6.14.3\testng-6.14.3.jar;C:\Users\Reader\.m2\repository\com\beust\jcommander\1.72\jcommander-1.72.jar;C:\Users\Reader\.m2\repository\org\apache-extras\beanshell\bsh\2.0b6\bsh-2.0b6.jar;C:\Users\Reader\.m2\repository\org\apache\maven\surefire\surefire-testng-utils\2.21.0\surefire-testng-utils-2.21.0.jar;C:\Users\Reader\.m2\repository\org\apache\maven\surefire\surefire-grouper\2.21.0\surefire-grouper-2.21.0.jar;"/>
    <property name="java.vm.vendor" value="&quot;Oracle Corporation&quot;"/>
    <property name="sun.arch.data.model" value="64"/>
    <property name="user.variant" value=""/>
    <property name="java.vendor.url" value="http://java.oracle.com/"/>
    <property name="user.timezone" value=""/>
    <property name="java.vm.specification.version" value="10"/>
    <property name="os.name" value="Windows 7"/>
    <property name="sun.java.launcher" value="SUN_STANDARD"/>
    <property name="user.country" value="RU"/>
    <property name="sun.boot.library.path" value="C:\Program Files\Java\jdk-10\bin"/>
    <property name="sun.java.command" value="C:\Users\Reader\AppData\Local\Temp\surefire2113271813216773363\surefirebooter12912629509277534938.jar C:\Users\Reader\AppData\Local\Temp\surefire2113271813216773363 2018-04-18T00-55-49_160-jvmRun1 surefire7679417064048821729tmp surefire_07394946439020340179tmp"/>
    <property name="jdk.debug" value="release"/>
    <property name="surefire.test.class.path" value="E:\gru_java\dz\2\buyticket\target\test-classes;E:\gru_java\dz\2\buyticket\target\classes;C:\Users\Reader\.m2\repository\org\seleniumhq\selenium\selenium-java\3.11.0\selenium-java-3.11.0.jar;C:\Users\Reader\.m2\repository\org\seleniumhq\selenium\selenium-api\3.11.0\selenium-api-3.11.0.jar;C:\Users\Reader\.m2\repository\org\seleniumhq\selenium\selenium-chrome-driver\3.11.0\selenium-chrome-driver-3.11.0.jar;C:\Users\Reader\.m2\repository\org\seleniumhq\selenium\selenium-edge-driver\3.11.0\selenium-edge-driver-3.11.0.jar;C:\Users\Reader\.m2\repository\org\seleniumhq\selenium\selenium-firefox-driver\3.11.0\selenium-firefox-driver-3.11.0.jar;C:\Users\Reader\.m2\repository\org\seleniumhq\selenium\selenium-ie-driver\3.11.0\selenium-ie-driver-3.11.0.jar;C:\Users\Reader\.m2\repository\org\seleniumhq\selenium\selenium-opera-driver\3.11.0\selenium-opera-driver-3.11.0.jar;C:\Users\Reader\.m2\repository\org\seleniumhq\selenium\selenium-remote-driver\3.11.0\selenium-remote-driver-3.11.0.jar;C:\Users\Reader\.m2\repository\org\seleniumhq\selenium\selenium-safari-driver\3.11.0\selenium-safari-driver-3.11.0.jar;C:\Users\Reader\.m2\repository\org\seleniumhq\selenium\selenium-support\3.11.0\selenium-support-3.11.0.jar;C:\Users\Reader\.m2\repository\net\bytebuddy\byte-buddy\1.7.9\byte-buddy-1.7.9.jar;C:\Users\Reader\.m2\repository\org\apache\commons\commons-exec\1.3\commons-exec-1.3.jar;C:\Users\Reader\.m2\repository\commons-codec\commons-codec\1.10\commons-codec-1.10.jar;C:\Users\Reader\.m2\repository\commons-logging\commons-logging\1.2\commons-logging-1.2.jar;C:\Users\Reader\.m2\repository\com\google\code\gson\gson\2.8.2\gson-2.8.2.jar;C:\Users\Reader\.m2\repository\com\google\guava\guava\23.6-jre\guava-23.6-jre.jar;C:\Users\Reader\.m2\repository\com\google\code\findbugs\jsr305\1.3.9\jsr305-1.3.9.jar;C:\Users\Reader\.m2\repository\org\checkerframework\checker-compat-qual\2.0.0\checker-compat-qual-2.0.0.jar;C:\Users\Reader\.m2\repository\com\google\errorprone\error_prone_annotations\2.1.3\error_prone_annotations-2.1.3.jar;C:\Users\Reader\.m2\repository\com\google\j2objc\j2objc-annotations\1.1\j2objc-annotations-1.1.jar;C:\Users\Reader\.m2\repository\org\codehaus\mojo\animal-sniffer-annotations\1.14\animal-sniffer-annotations-1.14.jar;C:\Users\Reader\.m2\repository\org\apache\httpcomponents\httpclient\4.5.3\httpclient-4.5.3.jar;C:\Users\Reader\.m2\repository\org\apache\httpcomponents\httpcore\4.4.6\httpcore-4.4.6.jar;C:\Users\Reader\.m2\repository\com\squareup\okhttp3\okhttp\3.9.1\okhttp-3.9.1.jar;C:\Users\Reader\.m2\repository\com\squareup\okio\okio\1.13.0\okio-1.13.0.jar;C:\Users\Reader\.m2\repository\junit\junit\4.12\junit-4.12.jar;C:\Users\Reader\.m2\repository\org\hamcrest\hamcrest-core\1.3\hamcrest-core-1.3.jar;C:\Users\Reader\.m2\repository\com\googlecode\json-simple\json-simple\1.1.1\json-simple-1.1.1.jar;C:\Users\Reader\.m2\repository\com\fasterxml\jackson\jaxrs\jackson-jaxrs-json-provider\2.3.0\jackson-jaxrs-json-provider-2.3.0.jar;C:\Users\Reader\.m2\repository\com\fasterxml\jackson\jaxrs\jackson-jaxrs-base\2.3.0\jackson-jaxrs-base-2.3.0.jar;C:\Users\Reader\.m2\repository\com\fasterxml\jackson\core\jackson-core\2.3.0\jackson-core-2.3.0.jar;C:\Users\Reader\.m2\repository\com\fasterxml\jackson\core\jackson-databind\2.3.0\jackson-databind-2.3.0.jar;C:\Users\Reader\.m2\repository\com\fasterxml\jackson\core\jackson-annotations\2.3.0\jackson-annotations-2.3.0.jar;C:\Users\Reader\.m2\repository\com\fasterxml\jackson\module\jackson-module-jaxb-annotations\2.3.0\jackson-module-jaxb-annotations-2.3.0.jar;C:\Users\Reader\.m2\repository\org\glassfish\jersey\ext\jersey-spring3\2.4.1\jersey-spring3-2.4.1.jar;C:\Users\Reader\.m2\repository\org\glassfish\jersey\core\jersey-server\2.4.1\jersey-server-2.4.1.jar;C:\Users\Reader\.m2\repository\org\glassfish\jersey\core\jersey-client\2.4.1\jersey-client-2.4.1.jar;C:\Users\Reader\.m2\repository\org\glassfish\hk2\hk2-api\2.2.0-b21\hk2-api-2.2.0-b21.jar;C:\Users\Reader\.m2\repository\org\glassfish\hk2\external\javax.inject\2.2.0-b21\javax.inject-2.2.0-b21.jar;C:\Users\Reader\.m2\repository\org\glassfish\hk2\hk2-locator\2.2.0-b21\hk2-locator-2.2.0-b21.jar;C:\Users\Reader\.m2\repository\org\glassfish\hk2\external\asm-all-repackaged\2.2.0-b21\asm-all-repackaged-2.2.0-b21.jar;C:\Users\Reader\.m2\repository\org\glassfish\hk2\external\cglib\2.2.0-b21\cglib-2.2.0-b21.jar;C:\Users\Reader\.m2\repository\javax\validation\validation-api\1.1.0.Final\validation-api-1.1.0.Final.jar;C:\Users\Reader\.m2\repository\org\glassfish\jersey\containers\jersey-container-servlet-core\2.4.1\jersey-container-servlet-core-2.4.1.jar;C:\Users\Reader\.m2\repository\org\glassfish\hk2\hk2\2.2.0-b21\hk2-2.2.0-b21.jar;C:\Users\Reader\.m2\repository\org\glassfish\hk2\hk2-utils\2.2.0-b21\hk2-utils-2.2.0-b21.jar;C:\Users\Reader\.m2\repository\javax\inject\javax.inject\1\javax.inject-1.jar;C:\Users\Reader\.m2\repository\org\glassfish\hk2\config-types\2.2.0-b21\config-types-2.2.0-b21.jar;C:\Users\Reader\.m2\repository\org\glassfish\hk2\core\2.2.0-b21\core-2.2.0-b21.jar;C:\Users\Reader\.m2\repository\org\glassfish\hk2\hk2-config\2.2.0-b21\hk2-config-2.2.0-b21.jar;C:\Users\Reader\.m2\repository\org\jvnet\tiger-types\1.4\tiger-types-1.4.jar;C:\Users\Reader\.m2\repository\org\glassfish\hk2\external\bean-validator\2.2.0-b21\bean-validator-2.2.0-b21.jar;C:\Users\Reader\.m2\repository\org\glassfish\hk2\hk2-runlevel\2.2.0-b21\hk2-runlevel-2.2.0-b21.jar;C:\Users\Reader\.m2\repository\org\glassfish\hk2\class-model\2.2.0-b21\class-model-2.2.0-b21.jar;C:\Users\Reader\.m2\repository\org\glassfish\hk2\spring-bridge\2.2.0-b21\spring-bridge-2.2.0-b21.jar;C:\Users\Reader\.m2\repository\org\springframework\spring-context\3.2.3.RELEASE\spring-context-3.2.3.RELEASE.jar;C:\Users\Reader\.m2\repository\org\springframework\spring-expression\3.2.3.RELEASE\spring-expression-3.2.3.RELEASE.jar;C:\Users\Reader\.m2\repository\org\springframework\spring-beans\3.2.3.RELEASE\spring-beans-3.2.3.RELEASE.jar;C:\Users\Reader\.m2\repository\org\springframework\spring-core\3.2.3.RELEASE\spring-core-3.2.3.RELEASE.jar;C:\Users\Reader\.m2\repository\org\springframework\spring-web\3.2.3.RELEASE\spring-web-3.2.3.RELEASE.jar;C:\Users\Reader\.m2\repository\aopalliance\aopalliance\1.0\aopalliance-1.0.jar;C:\Users\Reader\.m2\repository\org\springframework\spring-aop\3.2.3.RELEASE\spring-aop-3.2.3.RELEASE.jar;C:\Users\Reader\.m2\repository\javax\ws\rs\javax.ws.rs-api\2.0\javax.ws.rs-api-2.0.jar;C:\Users\Reader\.m2\repository\org\glassfish\jersey\media\jersey-media-json-jackson\2.4.1\jersey-media-json-jackson-2.4.1.jar;C:\Users\Reader\.m2\repository\org\glassfish\jersey\core\jersey-common\2.4.1\jersey-common-2.4.1.jar;C:\Users\Reader\.m2\repository\javax\annotation\javax.annotation-api\1.2\javax.annotation-api-1.2.jar;C:\Users\Reader\.m2\repository\org\glassfish\hk2\osgi-resource-locator\1.0.1\osgi-resource-locator-1.0.1.jar;C:\Users\Reader\.m2\repository\org\codehaus\jackson\jackson-mapper-asl\1.9.11\jackson-mapper-asl-1.9.11.jar;C:\Users\Reader\.m2\repository\org\codehaus\jackson\jackson-jaxrs\1.9.11\jackson-jaxrs-1.9.11.jar;C:\Users\Reader\.m2\repository\org\codehaus\jackson\jackson-xc\1.9.11\jackson-xc-1.9.11.jar;C:\Users\Reader\.m2\repository\org\codehaus\jackson\jackson-core-asl\1.9.13\jackson-core-asl-1.9.13.jar;C:\Users\Reader\.m2\repository\io\github\bonigarcia\webdrivermanager\2.2.1\webdrivermanager-2.2.1.jar;C:\Users\Reader\.m2\repository\org\slf4j\slf4j-api\1.7.24\slf4j-api-1.7.24.jar;C:\Users\Reader\.m2\repository\commons-io\commons-io\2.5\commons-io-2.5.jar;C:\Users\Reader\.m2\repository\org\apache\commons\commons-lang3\3.5\commons-lang3-3.5.jar;C:\Users\Reader\.m2\repository\org\rauschig\jarchivelib\0.7.1\jarchivelib-0.7.1.jar;C:\Users\Reader\.m2\repository\org\apache\commons\commons-compress\1.9\commons-compress-1.9.jar;C:\Users\Reader\.m2\repository\org\jsoup\jsoup\1.10.2\jsoup-1.10.2.jar;C:\Users\Reader\.m2\repository\ch\qos\logback\logback-classic\1.2.3\logback-classic-1.2.3.jar;C:\Users\Reader\.m2\repository\ch\qos\logback\logback-core\1.2.3\logback-core-1.2.3.jar;C:\Users\Reader\.m2\repository\org\testng\testng\6.14.3\testng-6.14.3.jar;C:\Users\Reader\.m2\repository\com\beust\jcommander\1.72\jcommander-1.72.jar;C:\Users\Reader\.m2\repository\org\apache-extras\beanshell\bsh\2.0b6\bsh-2.0b6.jar;C:\Users\Reader\.m2\repository\org\apache\maven\surefire\surefire-testng-utils\2.21.0\surefire-testng-utils-2.21.0.jar;C:\Users\Reader\.m2\repository\org\apache\maven\surefire\surefire-grouper\2.21.0\surefire-grouper-2.21.0.jar;"/>
    <property name="sun.cpu.endian" value="little"/>
    <property name="user.home" value="C:\Users\Reader"/>
    <property name="user.language" value="ru"/>
    <property name="java.specification.vendor" value="Oracle Corporation"/>
    <property name="java.version.date" value="2018-03-20"/>
    <property name="java.home" value="C:\Program Files\Java\jdk-10"/>
    <property name="file.separator" value="\"/>
    <property name="basedir" value="E:\gru_java\dz\2\buyticket"/>
    <property name="java.vm.compressedOopsMode" value="32-bit"/>
    <property name="line.separator" value="&#10;"/>
    <property name="java.specification.name" value="Java Platform API Specification"/>
    <property name="java.vm.specification.vendor" value="Oracle Corporation"/>
    <property name="java.awt.graphicsenv" value="sun.awt.Win32GraphicsEnvironment"/>
    <property name="surefire.real.class.path" value="C:\Users\Reader\AppData\Local\Temp\surefire2113271813216773363\surefirebooter12912629509277534938.jar"/>
    <property name="user.script" value=""/>
    <property name="sun.management.compiler" value="HotSpot 64-Bit Tiered Compilers"/>
    <property name="java.runtime.version" value="10+46"/>
    <property name="user.name" value="Reader"/>
    <property name="path.separator" value=";"/>
    <property name="os.version" value="6.1"/>
    <property name="java.runtime.name" value="Java(TM) SE Runtime Environment"/>
    <property name="file.encoding" value="Cp1251"/>
    <property name="java.vm.name" value="Java HotSpot(TM) 64-Bit Server VM"/>
    <property name="java.vendor.version" value="18.3"/>
    <property name="localRepository" value="C:\Users\Reader\.m2\repository"/>
    <property name="java.vendor.url.bug" value="http://bugreport.java.com/bugreport/"/>
    <property name="java.io.tmpdir" value="C:\Users\Reader\AppData\Local\Temp\"/>
    <property name="java.version" value="10"/>
    <property name="user.dir" value="E:\gru_java\dz\2\buyticket"/>
    <property name="os.arch" value="amd64"/>
    <property name="java.vm.specification.name" value="Java Virtual Machine Specification"/>
    <property name="java.awt.printerjob" value="sun.awt.windows.WPrinterJob"/>
    <property name="sun.os.patch.level" value="Service Pack 1"/>
    <property name="java.library.path" value="C:\Program Files\Java\jdk-10\bin;C:\Windows\Sun\Java\bin;C:\Windows\system32;C:\Windows;C:\Program Files\Common Files\Microsoft Shared\Windows Live;C:\Program Files (x86)\Common Files\Microsoft Shared\Windows Live;C:\Program Files\Broadcom\Broadcom 802.11 Network Adapter\Driver;;C:\Program Files (x86)\NVIDIA Corporation\PhysX\Common;;C:\PROGRAM FILES (X86)\INTEL\ICLS CLIENT\;C:\PROGRAM FILES\INTEL\ICLS CLIENT\;C:\Windows\SYSTEM32;C:\Windows;C:\Windows\SYSTEM32\WBEM;C:\Windows\SYSTEM32\WINDOWSPOWERSHELL\V1.0\;C:\PROGRAM FILES\INTEL\WIFI\BIN\;C:\PROGRAM FILES\COMMON FILES\INTEL\WIRELESSCOMMON\;C:\PROGRAM FILES\INTEL\INTEL(R) MANAGEMENT ENGINE COMPONENTS\DAL;C:\PROGRAM FILES\INTEL\INTEL(R) MANAGEMENT ENGINE COMPONENTS\IPT;C:\PROGRAM FILES (X86)\INTEL\INTEL(R) MANAGEMENT ENGINE COMPONENTS\DAL;C:\PROGRAM FILES (X86)\INTEL\INTEL(R) MANAGEMENT ENGINE COMPONENTS\IPT;C:\PROGRAM FILES (X86)\INTEL\OPENCL SDK\2.0\BIN\X86;C:\PROGRAM FILES (X86)\INTEL\OPENCL SDK\2.0\BIN\X64;;C:\PROGRAM FILES\LENOVO FINGERPRINT READER\;C:\PROGRAM FILES\LENOVO FINGERPRINT READER\X86\;C:\Program Files\Lenovo\Bluetooth Software\;C:\Program Files\Lenovo\Bluetooth Software\syswow64;C:\Program Files (x86)\Intel\OpenCL SDK\2.0\bin\x86;C:\Program Files (x86)\Intel\OpenCL SDK\2.0\bin\x64;C:\Windows\System32\WindowsPowerShell\v1.0\;C:\Program Files (x86)\Windows Live\Shared;C:\Program Files\Microsoft SQL Server\Client SDK\ODBC\110\Tools\Binn\;C:\Program Files (x86)\Microsoft SQL Server\120\Tools\Binn\;C:\Program Files\Microsoft SQL Server\120\Tools\Binn\;C:\Program Files\Microsoft SQL Server\120\DTS\Binn\;C:\Program Files (x86)\Microsoft SQL Server\120\Tools\Binn\ManagementStudio\;C:\Program Files (x86)\Microsoft SQL Server\120\DTS\Binn\;C:\Program Files (x86)\Skype\Phone\;C:\Program Files\Apache\maven\bin;C:\Program Files\Java\jdk-10\bin;C:\ProgramData\Oracle\Java\javapath;C:\Program Files\Common Files\Microsoft Shared\Windows Live;C:\Program Files (x86)\Common Files\Microsoft Shared\Windows Live;C:\Program Files\Broadcom\Broadcom 802.11 Network Adapter\Driver;C:\Program Files (x86)\NVIDIA Corporation\PhysX\Common;C:\PROGRAM FILES (X86)\INTEL\ICLS CLIENT\;C:\PROGRAM FILES\INTEL\ICLS CLIENT\;C:\Windows\SYSTEM32;C:\Windows;C:\Windows\SYSTEM32\WBEM;C:\Windows\SYSTEM32\WINDOWSPOWERSHELL\V1.0\;C:\PROGRAM FILES\INTEL\WIFI\BIN\;C:\PROGRAM FILES\COMMON FILES\INTEL\WIRELESSCOMMON\;C:\PROGRAM FILES\INTEL\INTEL(R) MANAGEMENT ENGINE COMPONENTS\DAL;C:\PROGRAM FILES\INTEL\INTEL(R) MANAGEMENT ENGINE COMPONENTS\IPT;C:\PROGRAM FILES (X86)\INTEL\INTEL(R) MANAGEMENT ENGINE COMPONENTS\DAL;C:\PROGRAM FILES (X86)\INTEL\INTEL(R) MANAGEMENT ENGINE COMPONENTS\IPT;C:\PROGRAM FILES (X86)\INTEL\OPENCL SDK\2.0\BIN\X86;C:\PROGRAM FILES (X86)\INTEL\OPENCL SDK\2.0\BIN\X64;C:\PROGRAM FILES\LENOVO FINGERPRINT READER\;C:\PROGRAM FILES\LENOVO FINGERPRINT READER\X86\;C:\Program Files\Lenovo\Bluetooth Software\;C:\Program Files\Lenovo\Bluetooth Software\syswow64;C:\Program Files (x86)\Intel\OpenCL SDK\2.0\bin\x86;C:\Program Files (x86)\Intel\OpenCL SDK\2.0\bin\x64;C:\Windows\System32\WindowsPowerShell\v1.0\;C:\Program Files (x86)\Windows Live\Shared;C:\Program Files\Microsoft SQL Server\Client SDK\ODBC\110\Tools\Binn\;C:\Program Files (x86)\Microsoft SQL Server\120\Tools\Binn\;C:\Program Files\Microsoft SQL Server\120\Tools\Binn\;C:\Program Files\Microsoft SQL Server\120\DTS\Binn\;C:\Program Files (x86)\Microsoft SQL Server\120\Tools\Binn\ManagementStudio\;C:\Program Files (x86)\Microsoft SQL Server\120\DTS\Binn\;C:\Program Files (x86)\Skype\Phone\;C:\Program Files\Apache\maven\bin;C:\Program Files\Java\jdk1.8.0_161\bin;C:\Users\Reader\AppData\Local\Programs\Git\cmd;."/>
    <property name="java.vendor" value="Oracle Corporation"/>
    <property name="java.vm.info" value="mixed mode"/>
    <property name="java.vm.version" value="10+46"/>
    <property name="sun.io.unicode.encoding" value="UnicodeLittle"/>
    <property name="java.class.version" value="54.0"/>
  </properties>
</testsuite>