<?xml version="1.0" encoding="UTF-8"?>
<!-- Generated by org.testng.reporters.JUnitReportReporter -->
<testsuite hostname="Home-GAV" failures="0" tests="1" name="WebConfig" time="61.762" errors="0" timestamp="17 апр. 2018 22:04:49 GMT" skipped="0">
  <testcase classname="WebConfig" name="test" time="61.762"/>
</testsuite> <!-- WebConfig -->
